<?xml version="1.0" encoding="UTF-8"?>
<!-- Generated by org.testng.reporters.JUnitReportReporter -->
<testsuite hostname="DESKTOP-OUI7JLC" failures="0" tests="1" name="demo.Demo" time="4.539" errors="0" timestamp="2023-04-05T10:47:58 IST" skipped="0">
  <testcase classname="demo.Demo" name="test" time="4.539"/>
  <system-out/>
</testsuite> <!-- demo.Demo -->
